2025-02-23T13:41:27.706+08:00  INFO 22982 --- [community] [main] com.nowcoder.community.LoggerTest        : Starting LoggerTest using Java 17.0.10 with PID 22982 (started by yeyunlu in /Users/yeyunlu/Desktop/learn/NowCoder/community)
2025-02-23T13:41:27.707+08:00 DEBUG 22982 --- [community] [main] com.nowcoder.community.LoggerTest        : Running with Spring Boot v3.4.1, Spring v6.2.1
2025-02-23T13:41:27.707+08:00  INFO 22982 --- [community] [main] com.nowcoder.community.LoggerTest        : No active profile set, falling back to 1 default profile: "default"
2025-02-23T13:41:27.869+08:00  INFO 7240 --- [community] [restartedMain] c.n.community.CommunityApplication       : Starting CommunityApplication using Java 17.0.10 with PID 7240 (/Users/yeyunlu/Desktop/learn/NowCoder/community/target/classes started by yeyunlu in /Users/yeyunlu/Desktop/learn/NowCoder/community)
2025-02-23T13:41:27.869+08:00 DEBUG 7240 --- [community] [restartedMain] c.n.community.CommunityApplication       : Running with Spring Boot v3.4.1, Spring v6.2.1
2025-02-23T13:41:27.870+08:00  INFO 7240 --- [community] [restartedMain] c.n.community.CommunityApplication       : No active profile set, falling back to 1 default profile: "default"
2025-02-23T13:41:27.947+08:00  INFO 7240 --- [community] [restartedMain] o.s.b.w.embedded.tomcat.TomcatWebServer  : Tomcat initialized with port 8080 (http)
2025-02-23T13:41:27.948+08:00  INFO 7240 --- [community] [restartedMain] o.apache.catalina.core.StandardService   : Starting service [Tomcat]
2025-02-23T13:41:27.948+08:00  INFO 7240 --- [community] [restartedMain] o.apache.catalina.core.StandardEngine    : Starting Servlet engine: [Apache Tomcat/10.1.34]
2025-02-23T13:41:27.951+08:00  INFO 7240 --- [community] [restartedMain] o.a.c.c.C.[.[localhost].[/community]     : Initializing Spring embedded WebApplicationContext
2025-02-23T13:41:27.952+08:00  INFO 7240 --- [community] [restartedMain] w.s.c.ServletWebServerApplicationContext : Root WebApplicationContext: initialization completed in 82 ms
2025-02-23T13:41:27.989+08:00  INFO 7240 --- [community] [restartedMain] o.s.b.a.w.s.WelcomePageHandlerMapping    : Adding welcome page template: index
2025-02-23T13:41:28.011+08:00  INFO 7240 --- [community] [restartedMain] o.s.b.d.a.OptionalLiveReloadServer       : LiveReload server is running on port 35729
2025-02-23T13:41:28.015+08:00  INFO 7240 --- [community] [restartedMain] o.s.b.w.embedded.tomcat.TomcatWebServer  : Tomcat started on port 8080 (http) with context path '/community'
2025-02-23T13:41:28.018+08:00  INFO 7240 --- [community] [restartedMain] c.n.community.CommunityApplication       : Started CommunityApplication in 0.17 seconds (process running for 1025.739)
2025-02-23T13:41:28.018+08:00  INFO 7240 --- [community] [restartedMain] .ConditionEvaluationDeltaLoggingListener : Condition evaluation unchanged
2025-02-23T13:41:28.413+08:00  INFO 22982 --- [community] [main] o.s.b.a.w.s.WelcomePageHandlerMapping    : Adding welcome page template: index
2025-02-23T13:41:28.575+08:00  INFO 22982 --- [community] [main] com.nowcoder.community.LoggerTest        : Started LoggerTest in 1.048 seconds (process running for 1.47)
2025-02-23T13:41:28.963+08:00 DEBUG 22982 --- [community] [main] com.nowcoder.community.LoggerTest        : debug log
2025-02-23T13:41:28.963+08:00  INFO 22982 --- [community] [main] com.nowcoder.community.LoggerTest        : info log
2025-02-23T13:41:28.963+08:00  WARN 22982 --- [community] [main] com.nowcoder.community.LoggerTest        : warn log
2025-02-23T13:41:28.963+08:00 ERROR 22982 --- [community] [main] com.nowcoder.community.LoggerTest        : error log
2025-02-23T13:51:31.447+08:00  INFO 7240 --- [community] [File Watcher] rtingClassPathChangeChangedEventListener : Restarting due to 1 class path change (1 addition, 0 deletions, 0 modifications)
2025-02-23T13:51:31.448+08:00  INFO 7240 --- [community] [Thread-19] o.s.b.w.e.tomcat.GracefulShutdown        : Commencing graceful shutdown. Waiting for active requests to complete
2025-02-23T13:51:31.450+08:00  INFO 7240 --- [community] [tomcat-shutdown] o.s.b.w.e.tomcat.GracefulShutdown        : Graceful shutdown complete
